<?xml version="1.0" encoding="UTF-8"?>
<!-- Generated by org.testng.reporters.JUnitXMLReporter -->
<testsuite ignored="0" hostname="aitslpt-SarojP" failures="0" tests="4" name="Test" time="3.262" errors="0" timestamp="2023-07-20T07:47:36 NPT">
  <testcase classname="day8.createUser" name="test_createUser" time="2.311"/>
  <testcase classname="day8.getUser" name="test_getUser" time="0.239"/>
  <testcase classname="day8.updateUser" name="test_updateUser" time="0.248"/>
  <testcase classname="day8.deleteUser" name="test_deleteUser" time="0.427"/>
</testsuite> <!-- Test -->
