<?xml version="1.0" encoding="UTF-8"?>
<testng-results ignored="0" total="4" passed="4" failed="0" skipped="0">
  <reporter-output>
  </reporter-output>
  <suite started-at="2023-07-20T07:47:33 NPT" name="Suite" finished-at="2023-07-20T07:47:36 NPT" duration-ms="3262">
    <groups>
    </groups>
    <test started-at="2023-07-20T07:47:33 NPT" name="Test" finished-at="2023-07-20T07:47:36 NPT" duration-ms="3262">
      <class name="day8.deleteUser">
        <test-method signature="test_deleteUser(org.testng.ITestContext)[pri:0, instance:day8.deleteUser@31d7b7bf]" started-at="2023-07-20T07:47:36 NPT" name="test_deleteUser" finished-at="2023-07-20T07:47:36 NPT" duration-ms="427" status="PASS">
          <params>
            <param index="0">
              <value>
                <![CDATA[org.testng.TestRunner@1f2586d6]]>
              </value>
            </param>
          </params>
          <reporter-output>
          </reporter-output>
        </test-method> <!-- test_deleteUser -->
      </class> <!-- day8.deleteUser -->
      <class name="day8.createUser">
        <test-method signature="test_createUser(org.testng.ITestContext)[pri:0, instance:day8.createUser@9225652]" started-at="2023-07-20T07:47:33 NPT" name="test_createUser" finished-at="2023-07-20T07:47:35 NPT" duration-ms="2311" status="PASS">
          <params>
            <param index="0">
              <value>
                <![CDATA[org.testng.TestRunner@1f2586d6]]>
              </value>
            </param>
          </params>
          <reporter-output>
          </reporter-output>
        </test-method> <!-- test_createUser -->
      </class> <!-- day8.createUser -->
      <class name="day8.updateUser">
        <test-method signature="test_updateUser(org.testng.ITestContext)[pri:0, instance:day8.updateUser@30ee2816]" started-at="2023-07-20T07:47:35 NPT" name="test_updateUser" finished-at="2023-07-20T07:47:36 NPT" duration-ms="248" status="PASS">
          <params>
            <param index="0">
              <value>
                <![CDATA[org.testng.TestRunner@1f2586d6]]>
              </value>
            </param>
          </params>
          <reporter-output>
          </reporter-output>
        </test-method> <!-- test_updateUser -->
      </class> <!-- day8.updateUser -->
      <class name="day8.getUser">
        <test-method signature="test_getUser(org.testng.ITestContext)[pri:0, instance:day8.getUser@c267ef4]" started-at="2023-07-20T07:47:35 NPT" name="test_getUser" finished-at="2023-07-20T07:47:35 NPT" duration-ms="239" status="PASS">
          <params>
            <param index="0">
              <value>
                <![CDATA[org.testng.TestRunner@1f2586d6]]>
              </value>
            </param>
          </params>
          <reporter-output>
          </reporter-output>
        </test-method> <!-- test_getUser -->
      </class> <!-- day8.getUser -->
    </test> <!-- Test -->
  </suite> <!-- Suite -->
</testng-results>
